
> Frontend@0.0.1 dev
> next dev -p 3002 --turbopack

▲ Next.js 16.2.9 (Turbopack)
- Local:         http://localhost:3002
- Network:       http://192.168.0.2:3002
✓ Ready in 527ms
Attention: Next.js now collects completely anonymous telemetry regarding usage.
This information is used to shape Next.js' roadmap and prioritize features.
You can learn more, including how to opt-out if you'd not like to participate in this anonymous program, by visiting the following URL:
https://nextjs.org/telemetry

⚠ The "middleware" file convention is deprecated. Please use "proxy" instead. Learn more: https://nextjs.org/docs/messages/middleware-to-proxy

○ Compiling / ...
 GET / 307 in 4.8s (next.js: 4.2s, proxy.ts: 137ms, application-code: 418ms)
○ Compiling /dashboard ...
 GET /dashboard 200 in 6.0s (next.js: 5.3s, proxy.ts: 19ms, application-code: 651ms)
 GET /dashboard 200 in 143ms (next.js: 23ms, proxy.ts: 22ms, application-code: 98ms)
[browser] Realtime WebSocket connection error: Error: timeout (lib/logger.ts:6:13)
Failed to proxy http://localhost:3000/api/realtime?EIO=4&transport=polling&t=r77kndjs Error: socket hang up
    at ignore-listed frames {
  code: 'ECONNRESET'
}
Error: socket hang up
    at ignore-listed frames {
  code: 'ECONNRESET'
}
Failed to proxy http://localhost:3000/api/dashboard/distribution Error: socket hang up
    at ignore-listed frames {
  code: 'ECONNRESET'
}
Error: socket hang up
    at ignore-listed frames {
  code: 'ECONNRESET'
}
Failed to proxy http://localhost:3000/api/stations Error: socket hang up
    at ignore-listed frames {
  code: 'ECONNRESET'
}
Error: socket hang up
    at ignore-listed frames {
  code: 'ECONNRESET'
}
Failed to proxy http://localhost:3000/api/dashboard/overview Error: socket hang up
    at ignore-listed frames {
  code: 'ECONNRESET'
}
Error: socket hang up
    at ignore-listed frames {
  code: 'ECONNRESET'
}
Failed to proxy http://localhost:3000/api/ems-gateways Error: socket hang up
    at ignore-listed frames {
  code: 'ECONNRESET'
}
Error: socket hang up
    at ignore-listed frames {
  code: 'ECONNRESET'
}
Failed to proxy http://localhost:3000/api/dashboard/live-sessions Error: socket hang up
    at ignore-listed frames {
  code: 'ECONNRESET'
}
Error: socket hang up
    at ignore-listed frames {
  code: 'ECONNRESET'
}
[browser] Failed to fetch live sessions AxiosError: Request failed with status code 500 (lib/logger.ts:6:13)
[browser] Failed to fetch distribution metrics AxiosError: Request failed with status code 500 (lib/logger.ts:6:13)
[browser] Failed to fetch stations for map AxiosError: Request failed with status code 500 (lib/logger.ts:6:13)
[browser] Failed to fetch overview metrics AxiosError: Request failed with status code 500 (lib/logger.ts:6:13)
⨯ ReferenceError: window is not defined
    at module evaluation (components/roaming/SettlementTab.tsx:9:1)
    at module evaluation (app/roaming/page.tsx:8:1)
   7 | import { Download, TrendingUp, TrendingDown, MapPin } from "lucide-react";
   8 | import { PieChart, Pie, Cell, Tooltip, Legend, ResponsiveContainer, BarChart, Bar, XAxis, ...
>  9 | import { MapContainer, TileLayer, CircleMarker, Popup } from "react-leaflet";
     | ^
  10 | import "leaflet/dist/leaflet.css";
  11 |
  12 | const COLORS = ['#0088FE', '#00C49F', '#FFBB28', '#FF8042', '#8884d8', '#82ca9d']; {
  digest: '1278172060'
}
 GET / 307 in 173ms (next.js: 5ms, proxy.ts: 11ms, application-code: 156ms)
 GET /dashboard 200 in 76ms (next.js: 4ms, proxy.ts: 5ms, application-code: 67ms)
 GET /dashboard 200 in 109ms (next.js: 6ms, proxy.ts: 8ms, application-code: 95ms)
[browser] Realtime WebSocket connection error: Error: xhr poll error (lib/logger.ts:6:13)
[browser] Realtime WebSocket connection error: Error: xhr poll error (lib/logger.ts:6:13)
⨯ ReferenceError: window is not defined
    at module evaluation (components/roaming/SettlementTab.tsx:9:1)
    at module evaluation (app/roaming/page.tsx:8:1)
   7 | import { Download, TrendingUp, TrendingDown, MapPin } from "lucide-react";
   8 | import { PieChart, Pie, Cell, Tooltip, Legend, ResponsiveContainer, BarChart, Bar, XAxis, ...
>  9 | import { MapContainer, TileLayer, CircleMarker, Popup } from "react-leaflet";
     | ^
  10 | import "leaflet/dist/leaflet.css";
  11 |
  12 | const COLORS = ['#0088FE', '#00C49F', '#FFBB28', '#FF8042', '#8884d8', '#82ca9d']; {
  digest: '1278172060'
}
 GET /roaming 500 in 755ms (next.js: 4ms, proxy.ts: 7ms, application-code: 744ms)
[browser] Encountered a script tag while rendering React component. Scripts inside React components are never executed when rendering on the client. Consider using template tag instead (https://developer.mozilla.org/en-US/docs/Web/HTML/Element/template).
[browser] Realtime WebSocket connection error: Error: xhr poll error (lib/logger.ts:6:13)
[browser] Realtime WebSocket connection error: Error: xhr poll error (lib/logger.ts:6:13)
[browser] Realtime WebSocket connection error: Error: xhr poll error (lib/logger.ts:6:13)
✓ Compiled in 334ms
 GET / 307 in 850ms (next.js: 116ms, proxy.ts: 89ms, application-code: 645ms)
 GET /dashboard 200 in 358ms (next.js: 19ms, proxy.ts: 15ms, application-code: 324ms)
 GET /dashboard 200 in 85ms (next.js: 8ms, proxy.ts: 6ms, application-code: 70ms)
[browser] Realtime WebSocket connection error: Error: xhr poll error (lib/logger.ts:6:13)
 GET /roaming 200 in 209ms (next.js: 23ms, proxy.ts: 7ms, application-code: 179ms)
[browser] Realtime WebSocket connection error: Error: xhr poll error (lib/logger.ts:6:13)
[browser] Realtime WebSocket connection error: Error: xhr poll error (lib/logger.ts:6:13)
[browser] Realtime WebSocket connection error: Error: xhr poll error (lib/logger.ts:6:13)
