
> Frontend@0.0.1 dev
> next dev -p 3002 --turbopack

▲ Next.js 16.2.6 (Turbopack)
- Local:         http://localhost:3002
- Network:       http://192.168.0.2:3002
✓ Ready in 554ms
⚠ The "middleware" file convention is deprecated. Please use "proxy" instead. Learn more: https://nextjs.org/docs/messages/middleware-to-proxy

○ Compiling /login ...
 GET /login 200 in 5.7s (next.js: 4.7s, proxy.ts: 154ms, application-code: 756ms)
Failed to proxy http://localhost:3000/api/realtime?EIO=4&transport=polling&t=d6uarnd4 AggregateError:
    at ignore-listed frames {
  code: 'ECONNREFUSED',
  [errors]: [
    Error: connect ECONNREFUSED ::1:3000
        at <unknown> (Error: connect ECONNREFUSED ::1:3000) {
      errno: -111,
      code: 'ECONNREFUSED',
      syscall: 'connect',
      address: '::1',
      port: 3000
    },
    Error: connect ECONNREFUSED 127.0.0.1:3000
        at <unknown> (Error: connect ECONNREFUSED 127.0.0.1:3000) {
      errno: -111,
      code: 'ECONNREFUSED',
      syscall: 'connect',
      address: '127.0.0.1',
      port: 3000
    }
  ]
}
AggregateError:
    at ignore-listed frames {
  code: 'ECONNREFUSED',
  [errors]: [
    Error: connect ECONNREFUSED ::1:3000
        at <unknown> (Error: connect ECONNREFUSED ::1:3000) {
      errno: -111,
      code: 'ECONNREFUSED',
      syscall: 'connect',
      address: '::1',
      port: 3000
    },
    Error: connect ECONNREFUSED 127.0.0.1:3000
        at <unknown> (Error: connect ECONNREFUSED 127.0.0.1:3000) {
      errno: -111,
      code: 'ECONNREFUSED',
      syscall: 'connect',
      address: '127.0.0.1',
      port: 3000
    }
  ]
}
 GET /login 200 in 884ms (next.js: 662ms, proxy.ts: 125ms, application-code: 97ms)
[browser] Realtime WebSocket connection error: Error: xhr poll error (lib/logger.ts:6:13)
Failed to proxy http://localhost:3000/api/realtime?EIO=4&transport=polling&t=d6v76smm AggregateError:
    at ignore-listed frames {
  code: 'ECONNREFUSED',
  [errors]: [
    Error: connect ECONNREFUSED ::1:3000
        at <unknown> (Error: connect ECONNREFUSED ::1:3000) {
      errno: -111,
      code: 'ECONNREFUSED',
      syscall: 'connect',
      address: '::1',
      port: 3000
    },
    Error: connect ECONNREFUSED 127.0.0.1:3000
        at <unknown> (Error: connect ECONNREFUSED 127.0.0.1:3000) {
      errno: -111,
      code: 'ECONNREFUSED',
      syscall: 'connect',
      address: '127.0.0.1',
      port: 3000
    }
  ]
}
AggregateError:
    at ignore-listed frames {
  code: 'ECONNREFUSED',
  [errors]: [
    Error: connect ECONNREFUSED ::1:3000
        at <unknown> (Error: connect ECONNREFUSED ::1:3000) {
      errno: -111,
      code: 'ECONNREFUSED',
      syscall: 'connect',
      address: '::1',
      port: 3000
    },
    Error: connect ECONNREFUSED 127.0.0.1:3000
        at <unknown> (Error: connect ECONNREFUSED 127.0.0.1:3000) {
      errno: -111,
      code: 'ECONNREFUSED',
      syscall: 'connect',
      address: '127.0.0.1',
      port: 3000
    }
  ]
}
[browser] Realtime WebSocket connection error: Error: xhr poll error (lib/logger.ts:6:13)
Failed to proxy http://localhost:3000/api/realtime?EIO=4&transport=polling&t=d6wfa8xk AggregateError:
    at ignore-listed frames {
  code: 'ECONNREFUSED',
  [errors]: [
    Error: connect ECONNREFUSED ::1:3000
        at <unknown> (Error: connect ECONNREFUSED ::1:3000) {
      errno: -111,
      code: 'ECONNREFUSED',
      syscall: 'connect',
      address: '::1',
      port: 3000
    },
    Error: connect ECONNREFUSED 127.0.0.1:3000
        at <unknown> (Error: connect ECONNREFUSED 127.0.0.1:3000) {
      errno: -111,
      code: 'ECONNREFUSED',
      syscall: 'connect',
      address: '127.0.0.1',
      port: 3000
    }
  ]
}
AggregateError:
    at ignore-listed frames {
  code: 'ECONNREFUSED',
  [errors]: [
    Error: connect ECONNREFUSED ::1:3000
        at <unknown> (Error: connect ECONNREFUSED ::1:3000) {
      errno: -111,
      code: 'ECONNREFUSED',
      syscall: 'connect',
      address: '::1',
      port: 3000
    },
    Error: connect ECONNREFUSED 127.0.0.1:3000
        at <unknown> (Error: connect ECONNREFUSED 127.0.0.1:3000) {
      errno: -111,
      code: 'ECONNREFUSED',
      syscall: 'connect',
      address: '127.0.0.1',
      port: 3000
    }
  ]
}
[browser] Realtime WebSocket connection error: Error: xhr poll error (lib/logger.ts:6:13)
Failed to proxy http://localhost:3000/api/realtime?EIO=4&transport=polling&t=d6yglajl AggregateError:
    at ignore-listed frames {
  code: 'ECONNREFUSED',
  [errors]: [
    Error: connect ECONNREFUSED ::1:3000
        at <unknown> (Error: connect ECONNREFUSED ::1:3000) {
      errno: -111,
      code: 'ECONNREFUSED',
      syscall: 'connect',
      address: '::1',
      port: 3000
    },
    Error: connect ECONNREFUSED 127.0.0.1:3000
        at <unknown> (Error: connect ECONNREFUSED 127.0.0.1:3000) {
      errno: -111,
      code: 'ECONNREFUSED',
      syscall: 'connect',
      address: '127.0.0.1',
      port: 3000
    }
  ]
}
AggregateError:
    at ignore-listed frames {
  code: 'ECONNREFUSED',
  [errors]: [
    Error: connect ECONNREFUSED ::1:3000
        at <unknown> (Error: connect ECONNREFUSED ::1:3000) {
      errno: -111,
      code: 'ECONNREFUSED',
      syscall: 'connect',
      address: '::1',
      port: 3000
    },
    Error: connect ECONNREFUSED 127.0.0.1:3000
        at <unknown> (Error: connect ECONNREFUSED 127.0.0.1:3000) {
      errno: -111,
      code: 'ECONNREFUSED',
      syscall: 'connect',
      address: '127.0.0.1',
      port: 3000
    }
  ]
}
[browser] Realtime WebSocket connection error: Error: xhr poll error (lib/logger.ts:6:13)
○ Compiling /chargers/[id] ...
Failed to proxy http://localhost:3000/api/realtime?EIO=4&transport=polling&t=d7094ldk AggregateError:
    at ignore-listed frames {
  code: 'ECONNREFUSED',
  [errors]: [
    Error: connect ECONNREFUSED ::1:3000
        at <unknown> (Error: connect ECONNREFUSED ::1:3000) {
      errno: -111,
      code: 'ECONNREFUSED',
      syscall: 'connect',
      address: '::1',
      port: 3000
    },
    Error: connect ECONNREFUSED 127.0.0.1:3000
        at <unknown> (Error: connect ECONNREFUSED 127.0.0.1:3000) {
      errno: -111,
      code: 'ECONNREFUSED',
      syscall: 'connect',
      address: '127.0.0.1',
      port: 3000
    }
  ]
}
AggregateError:
    at ignore-listed frames {
  code: 'ECONNREFUSED',
  [errors]: [
    Error: connect ECONNREFUSED ::1:3000
        at <unknown> (Error: connect ECONNREFUSED ::1:3000) {
      errno: -111,
      code: 'ECONNREFUSED',
      syscall: 'connect',
      address: '::1',
      port: 3000
    },
    Error: connect ECONNREFUSED 127.0.0.1:3000
        at <unknown> (Error: connect ECONNREFUSED 127.0.0.1:3000) {
      errno: -111,
      code: 'ECONNREFUSED',
      syscall: 'connect',
      address: '127.0.0.1',
      port: 3000
    }
  ]
}
[browser] Realtime WebSocket connection error: Error: xhr poll error (lib/logger.ts:6:13)
 GET /chargers/1 200 in 5.7s (next.js: 5.3s, proxy.ts: 6ms, application-code: 406ms)
Failed to proxy http://localhost:3000/api/chargers/1 AggregateError:
    at ignore-listed frames {
  code: 'ECONNREFUSED',
  [errors]: [
    Error: connect ECONNREFUSED ::1:3000
        at <unknown> (Error: connect ECONNREFUSED ::1:3000) {
      errno: -111,
      code: 'ECONNREFUSED',
      syscall: 'connect',
      address: '::1',
      port: 3000
    },
    Error: connect ECONNREFUSED 127.0.0.1:3000
        at <unknown> (Error: connect ECONNREFUSED 127.0.0.1:3000) {
      errno: -111,
      code: 'ECONNREFUSED',
      syscall: 'connect',
      address: '127.0.0.1',
      port: 3000
    }
  ]
}
AggregateError:
    at ignore-listed frames {
  code: 'ECONNREFUSED',
  [errors]: [
    Error: connect ECONNREFUSED ::1:3000
        at <unknown> (Error: connect ECONNREFUSED ::1:3000) {
      errno: -111,
      code: 'ECONNREFUSED',
      syscall: 'connect',
      address: '::1',
      port: 3000
    },
    Error: connect ECONNREFUSED 127.0.0.1:3000
        at <unknown> (Error: connect ECONNREFUSED 127.0.0.1:3000) {
      errno: -111,
      code: 'ECONNREFUSED',
      syscall: 'connect',
      address: '127.0.0.1',
      port: 3000
    }
  ]
}
Failed to proxy http://localhost:3000/api/config-profiles AggregateError:
    at ignore-listed frames {
  code: 'ECONNREFUSED',
  [errors]: [
    Error: connect ECONNREFUSED ::1:3000
        at <unknown> (Error: connect ECONNREFUSED ::1:3000) {
      errno: -111,
      code: 'ECONNREFUSED',
      syscall: 'connect',
      address: '::1',
      port: 3000
    },
    Error: connect ECONNREFUSED 127.0.0.1:3000
        at <unknown> (Error: connect ECONNREFUSED 127.0.0.1:3000) {
      errno: -111,
      code: 'ECONNREFUSED',
      syscall: 'connect',
      address: '127.0.0.1',
      port: 3000
    }
  ]
}
AggregateError:
    at ignore-listed frames {
  code: 'ECONNREFUSED',
  [errors]: [
    Error: connect ECONNREFUSED ::1:3000
        at <unknown> (Error: connect ECONNREFUSED ::1:3000) {
      errno: -111,
      code: 'ECONNREFUSED',
      syscall: 'connect',
      address: '::1',
      port: 3000
    },
    Error: connect ECONNREFUSED 127.0.0.1:3000
        at <unknown> (Error: connect ECONNREFUSED 127.0.0.1:3000) {
      errno: -111,
      code: 'ECONNREFUSED',
      syscall: 'connect',
      address: '127.0.0.1',
      port: 3000
    }
  ]
}
Failed to proxy http://localhost:3000/api/dashboard/live-sessions AggregateError:
    at ignore-listed frames {
  code: 'ECONNREFUSED',
  [errors]: [
    Error: connect ECONNREFUSED ::1:3000
        at <unknown> (Error: connect ECONNREFUSED ::1:3000) {
      errno: -111,
      code: 'ECONNREFUSED',
      syscall: 'connect',
      address: '::1',
      port: 3000
    },
    Error: connect ECONNREFUSED 127.0.0.1:3000
        at <unknown> (Error: connect ECONNREFUSED 127.0.0.1:3000) {
      errno: -111,
      code: 'ECONNREFUSED',
      syscall: 'connect',
      address: '127.0.0.1',
      port: 3000
    }
  ]
}
AggregateError:
    at ignore-listed frames {
  code: 'ECONNREFUSED',
  [errors]: [
    Error: connect ECONNREFUSED ::1:3000
        at <unknown> (Error: connect ECONNREFUSED ::1:3000) {
      errno: -111,
      code: 'ECONNREFUSED',
      syscall: 'connect',
      address: '::1',
      port: 3000
    },
    Error: connect ECONNREFUSED 127.0.0.1:3000
        at <unknown> (Error: connect ECONNREFUSED 127.0.0.1:3000) {
      errno: -111,
      code: 'ECONNREFUSED',
      syscall: 'connect',
      address: '127.0.0.1',
      port: 3000
    }
  ]
}
Failed to proxy http://localhost:3000/api/realtime?EIO=4&transport=polling&t=d71c1a4h AggregateError:
    at ignore-listed frames {
  code: 'ECONNREFUSED',
  [errors]: [
    Error: connect ECONNREFUSED ::1:3000
        at <unknown> (Error: connect ECONNREFUSED ::1:3000) {
      errno: -111,
      code: 'ECONNREFUSED',
      syscall: 'connect',
      address: '::1',
      port: 3000
    },
    Error: connect ECONNREFUSED 127.0.0.1:3000
        at <unknown> (Error: connect ECONNREFUSED 127.0.0.1:3000) {
      errno: -111,
      code: 'ECONNREFUSED',
      syscall: 'connect',
      address: '127.0.0.1',
      port: 3000
    }
  ]
}
AggregateError:
    at ignore-listed frames {
  code: 'ECONNREFUSED',
  [errors]: [
    Error: connect ECONNREFUSED ::1:3000
        at <unknown> (Error: connect ECONNREFUSED ::1:3000) {
      errno: -111,
      code: 'ECONNREFUSED',
      syscall: 'connect',
      address: '::1',
      port: 3000
    },
    Error: connect ECONNREFUSED 127.0.0.1:3000
        at <unknown> (Error: connect ECONNREFUSED 127.0.0.1:3000) {
      errno: -111,
      code: 'ECONNREFUSED',
      syscall: 'connect',
      address: '127.0.0.1',
      port: 3000
    }
  ]
}
Failed to proxy http://localhost:3000/api/ems-gateways AggregateError:
    at ignore-listed frames {
  code: 'ECONNREFUSED',
  [errors]: [
    Error: connect ECONNREFUSED ::1:3000
        at <unknown> (Error: connect ECONNREFUSED ::1:3000) {
      errno: -111,
      code: 'ECONNREFUSED',
      syscall: 'connect',
      address: '::1',
      port: 3000
    },
    Error: connect ECONNREFUSED 127.0.0.1:3000
        at <unknown> (Error: connect ECONNREFUSED 127.0.0.1:3000) {
      errno: -111,
      code: 'ECONNREFUSED',
      syscall: 'connect',
      address: '127.0.0.1',
      port: 3000
    }
  ]
}
AggregateError:
    at ignore-listed frames {
  code: 'ECONNREFUSED',
  [errors]: [
    Error: connect ECONNREFUSED ::1:3000
        at <unknown> (Error: connect ECONNREFUSED ::1:3000) {
      errno: -111,
      code: 'ECONNREFUSED',
      syscall: 'connect',
      address: '::1',
      port: 3000
    },
    Error: connect ECONNREFUSED 127.0.0.1:3000
        at <unknown> (Error: connect ECONNREFUSED 127.0.0.1:3000) {
      errno: -111,
      code: 'ECONNREFUSED',
      syscall: 'connect',
      address: '127.0.0.1',
      port: 3000
    }
  ]
}
Failed to proxy http://localhost:3000/api/ems-gateways AggregateError:
    at ignore-listed frames {
  code: 'ECONNREFUSED',
  [errors]: [
    Error: connect ECONNREFUSED ::1:3000
        at <unknown> (Error: connect ECONNREFUSED ::1:3000) {
      errno: -111,
      code: 'ECONNREFUSED',
      syscall: 'connect',
      address: '::1',
      port: 3000
    },
    Error: connect ECONNREFUSED 127.0.0.1:3000
        at <unknown> (Error: connect ECONNREFUSED 127.0.0.1:3000) {
      errno: -111,
      code: 'ECONNREFUSED',
      syscall: 'connect',
      address: '127.0.0.1',
      port: 3000
    }
  ]
}
AggregateError:
    at ignore-listed frames {
  code: 'ECONNREFUSED',
  [errors]: [
    Error: connect ECONNREFUSED ::1:3000
        at <unknown> (Error: connect ECONNREFUSED ::1:3000) {
      errno: -111,
      code: 'ECONNREFUSED',
      syscall: 'connect',
      address: '::1',
      port: 3000
    },
    Error: connect ECONNREFUSED 127.0.0.1:3000
        at <unknown> (Error: connect ECONNREFUSED 127.0.0.1:3000) {
      errno: -111,
      code: 'ECONNREFUSED',
      syscall: 'connect',
      address: '127.0.0.1',
      port: 3000
    }
  ]
}
[browser] Failed to fetch charger details AxiosError: Request failed with status code 500 (lib/logger.ts:6:13)
[browser] Realtime WebSocket connection error: Error: xhr poll error (lib/logger.ts:6:13)
Failed to proxy http://localhost:3000/api/realtime?EIO=4&transport=polling&t=d72p1ris AggregateError:
    at ignore-listed frames {
  code: 'ECONNREFUSED',
  [errors]: [
    Error: connect ECONNREFUSED ::1:3000
        at <unknown> (Error: connect ECONNREFUSED ::1:3000) {
      errno: -111,
      code: 'ECONNREFUSED',
      syscall: 'connect',
      address: '::1',
      port: 3000
    },
    Error: connect ECONNREFUSED 127.0.0.1:3000
        at <unknown> (Error: connect ECONNREFUSED 127.0.0.1:3000) {
      errno: -111,
      code: 'ECONNREFUSED',
      syscall: 'connect',
      address: '127.0.0.1',
      port: 3000
    }
  ]
}
AggregateError:
    at ignore-listed frames {
  code: 'ECONNREFUSED',
  [errors]: [
    Error: connect ECONNREFUSED ::1:3000
        at <unknown> (Error: connect ECONNREFUSED ::1:3000) {
      errno: -111,
      code: 'ECONNREFUSED',
      syscall: 'connect',
      address: '::1',
      port: 3000
    },
    Error: connect ECONNREFUSED 127.0.0.1:3000
        at <unknown> (Error: connect ECONNREFUSED 127.0.0.1:3000) {
      errno: -111,
      code: 'ECONNREFUSED',
      syscall: 'connect',
      address: '127.0.0.1',
      port: 3000
    }
  ]
}
[browser] Realtime WebSocket connection error: Error: xhr poll error (lib/logger.ts:6:13)
 GET /chargers/1 200 in 115ms (next.js: 36ms, proxy.ts: 5ms, application-code: 74ms)
Failed to proxy http://localhost:3000/api/chargers/1 AggregateError:
    at ignore-listed frames {
  code: 'ECONNREFUSED',
  [errors]: [
    Error: connect ECONNREFUSED ::1:3000
        at <unknown> (Error: connect ECONNREFUSED ::1:3000) {
      errno: -111,
      code: 'ECONNREFUSED',
      syscall: 'connect',
      address: '::1',
      port: 3000
    },
    Error: connect ECONNREFUSED 127.0.0.1:3000
        at <unknown> (Error: connect ECONNREFUSED 127.0.0.1:3000) {
      errno: -111,
      code: 'ECONNREFUSED',
      syscall: 'connect',
      address: '127.0.0.1',
      port: 3000
    }
  ]
}
AggregateError:
    at ignore-listed frames {
  code: 'ECONNREFUSED',
  [errors]: [
    Error: connect ECONNREFUSED ::1:3000
        at <unknown> (Error: connect ECONNREFUSED ::1:3000) {
      errno: -111,
      code: 'ECONNREFUSED',
      syscall: 'connect',
      address: '::1',
      port: 3000
    },
    Error: connect ECONNREFUSED 127.0.0.1:3000
        at <unknown> (Error: connect ECONNREFUSED 127.0.0.1:3000) {
      errno: -111,
      code: 'ECONNREFUSED',
      syscall: 'connect',
      address: '127.0.0.1',
      port: 3000
    }
  ]
}
Failed to proxy http://localhost:3000/api/config-profiles AggregateError:
    at ignore-listed frames {
  code: 'ECONNREFUSED',
  [errors]: [
    Error: connect ECONNREFUSED ::1:3000
        at <unknown> (Error: connect ECONNREFUSED ::1:3000) {
      errno: -111,
      code: 'ECONNREFUSED',
      syscall: 'connect',
      address: '::1',
      port: 3000
    },
    Error: connect ECONNREFUSED 127.0.0.1:3000
        at <unknown> (Error: connect ECONNREFUSED 127.0.0.1:3000) {
      errno: -111,
      code: 'ECONNREFUSED',
      syscall: 'connect',
      address: '127.0.0.1',
      port: 3000
    }
  ]
}
AggregateError:
    at ignore-listed frames {
  code: 'ECONNREFUSED',
  [errors]: [
    Error: connect ECONNREFUSED ::1:3000
        at <unknown> (Error: connect ECONNREFUSED ::1:3000) {
      errno: -111,
      code: 'ECONNREFUSED',
      syscall: 'connect',
      address: '::1',
      port: 3000
    },
    Error: connect ECONNREFUSED 127.0.0.1:3000
        at <unknown> (Error: connect ECONNREFUSED 127.0.0.1:3000) {
      errno: -111,
      code: 'ECONNREFUSED',
      syscall: 'connect',
      address: '127.0.0.1',
      port: 3000
    }
  ]
}
Failed to proxy http://localhost:3000/api/dashboard/live-sessions AggregateError:
    at ignore-listed frames {
  code: 'ECONNREFUSED',
  [errors]: [
    Error: connect ECONNREFUSED ::1:3000
        at <unknown> (Error: connect ECONNREFUSED ::1:3000) {
      errno: -111,
      code: 'ECONNREFUSED',
      syscall: 'connect',
      address: '::1',
      port: 3000
    },
    Error: connect ECONNREFUSED 127.0.0.1:3000
        at <unknown> (Error: connect ECONNREFUSED 127.0.0.1:3000) {
      errno: -111,
      code: 'ECONNREFUSED',
      syscall: 'connect',
      address: '127.0.0.1',
      port: 3000
    }
  ]
}
AggregateError:
    at ignore-listed frames {
  code: 'ECONNREFUSED',
  [errors]: [
    Error: connect ECONNREFUSED ::1:3000
        at <unknown> (Error: connect ECONNREFUSED ::1:3000) {
      errno: -111,
      code: 'ECONNREFUSED',
      syscall: 'connect',
      address: '::1',
      port: 3000
    },
    Error: connect ECONNREFUSED 127.0.0.1:3000
        at <unknown> (Error: connect ECONNREFUSED 127.0.0.1:3000) {
      errno: -111,
      code: 'ECONNREFUSED',
      syscall: 'connect',
      address: '127.0.0.1',
      port: 3000
    }
  ]
}
Failed to proxy http://localhost:3000/api/ems-gateways AggregateError:
    at ignore-listed frames {
  code: 'ECONNREFUSED',
  [errors]: [
    Error: connect ECONNREFUSED ::1:3000
        at <unknown> (Error: connect ECONNREFUSED ::1:3000) {
      errno: -111,
      code: 'ECONNREFUSED',
      syscall: 'connect',
      address: '::1',
      port: 3000
    },
    Error: connect ECONNREFUSED 127.0.0.1:3000
        at <unknown> (Error: connect ECONNREFUSED 127.0.0.1:3000) {
      errno: -111,
      code: 'ECONNREFUSED',
      syscall: 'connect',
      address: '127.0.0.1',
      port: 3000
    }
  ]
}
AggregateError:
    at ignore-listed frames {
  code: 'ECONNREFUSED',
  [errors]: [
    Error: connect ECONNREFUSED ::1:3000
        at <unknown> (Error: connect ECONNREFUSED ::1:3000) {
      errno: -111,
      code: 'ECONNREFUSED',
      syscall: 'connect',
      address: '::1',
      port: 3000
    },
    Error: connect ECONNREFUSED 127.0.0.1:3000
        at <unknown> (Error: connect ECONNREFUSED 127.0.0.1:3000) {
      errno: -111,
      code: 'ECONNREFUSED',
      syscall: 'connect',
      address: '127.0.0.1',
      port: 3000
    }
  ]
}
Failed to proxy http://localhost:3000/api/realtime?EIO=4&transport=polling&t=d740wud3 AggregateError:
    at ignore-listed frames {
  code: 'ECONNREFUSED',
  [errors]: [
    Error: connect ECONNREFUSED ::1:3000
        at <unknown> (Error: connect ECONNREFUSED ::1:3000) {
      errno: -111,
      code: 'ECONNREFUSED',
      syscall: 'connect',
      address: '::1',
      port: 3000
    },
    Error: connect ECONNREFUSED 127.0.0.1:3000
        at <unknown> (Error: connect ECONNREFUSED 127.0.0.1:3000) {
      errno: -111,
      code: 'ECONNREFUSED',
      syscall: 'connect',
      address: '127.0.0.1',
      port: 3000
    }
  ]
}
AggregateError:
    at ignore-listed frames {
  code: 'ECONNREFUSED',
  [errors]: [
    Error: connect ECONNREFUSED ::1:3000
        at <unknown> (Error: connect ECONNREFUSED ::1:3000) {
      errno: -111,
      code: 'ECONNREFUSED',
      syscall: 'connect',
      address: '::1',
      port: 3000
    },
    Error: connect ECONNREFUSED 127.0.0.1:3000
        at <unknown> (Error: connect ECONNREFUSED 127.0.0.1:3000) {
      errno: -111,
      code: 'ECONNREFUSED',
      syscall: 'connect',
      address: '127.0.0.1',
      port: 3000
    }
  ]
}
Failed to proxy http://localhost:3000/api/ems-gateways AggregateError:
    at ignore-listed frames {
  code: 'ECONNREFUSED',
  [errors]: [
    Error: connect ECONNREFUSED ::1:3000
        at <unknown> (Error: connect ECONNREFUSED ::1:3000) {
      errno: -111,
      code: 'ECONNREFUSED',
      syscall: 'connect',
      address: '::1',
      port: 3000
    },
    Error: connect ECONNREFUSED 127.0.0.1:3000
        at <unknown> (Error: connect ECONNREFUSED 127.0.0.1:3000) {
      errno: -111,
      code: 'ECONNREFUSED',
      syscall: 'connect',
      address: '127.0.0.1',
      port: 3000
    }
  ]
}
AggregateError:
    at ignore-listed frames {
  code: 'ECONNREFUSED',
  [errors]: [
    Error: connect ECONNREFUSED ::1:3000
        at <unknown> (Error: connect ECONNREFUSED ::1:3000) {
      errno: -111,
      code: 'ECONNREFUSED',
      syscall: 'connect',
      address: '::1',
      port: 3000
    },
    Error: connect ECONNREFUSED 127.0.0.1:3000
        at <unknown> (Error: connect ECONNREFUSED 127.0.0.1:3000) {
      errno: -111,
      code: 'ECONNREFUSED',
      syscall: 'connect',
      address: '127.0.0.1',
      port: 3000
    }
  ]
}
[browser] Failed to fetch charger details AxiosError: Request failed with status code 500 (lib/logger.ts:6:13)
[browser] Realtime WebSocket connection error: Error: xhr poll error (lib/logger.ts:6:13)
Failed to proxy http://localhost:3000/api/realtime?EIO=4&transport=polling&t=d74r56px AggregateError:
    at ignore-listed frames {
  code: 'ECONNREFUSED',
  [errors]: [
    Error: connect ECONNREFUSED ::1:3000
        at <unknown> (Error: connect ECONNREFUSED ::1:3000) {
      errno: -111,
      code: 'ECONNREFUSED',
      syscall: 'connect',
      address: '::1',
      port: 3000
    },
    Error: connect ECONNREFUSED 127.0.0.1:3000
        at <unknown> (Error: connect ECONNREFUSED 127.0.0.1:3000) {
      errno: -111,
      code: 'ECONNREFUSED',
      syscall: 'connect',
      address: '127.0.0.1',
      port: 3000
    }
  ]
}
AggregateError:
    at ignore-listed frames {
  code: 'ECONNREFUSED',
  [errors]: [
    Error: connect ECONNREFUSED ::1:3000
        at <unknown> (Error: connect ECONNREFUSED ::1:3000) {
      errno: -111,
      code: 'ECONNREFUSED',
      syscall: 'connect',
      address: '::1',
      port: 3000
    },
    Error: connect ECONNREFUSED 127.0.0.1:3000
        at <unknown> (Error: connect ECONNREFUSED 127.0.0.1:3000) {
      errno: -111,
      code: 'ECONNREFUSED',
      syscall: 'connect',
      address: '127.0.0.1',
      port: 3000
    }
  ]
}
[browser] Realtime WebSocket connection error: Error: xhr poll error (lib/logger.ts:6:13)
 GET /chargers/1 200 in 111ms (next.js: 34ms, proxy.ts: 5ms, application-code: 72ms)
Failed to proxy http://localhost:3000/api/chargers/1 AggregateError:
    at ignore-listed frames {
  code: 'ECONNREFUSED',
  [errors]: [
    Error: connect ECONNREFUSED ::1:3000
        at <unknown> (Error: connect ECONNREFUSED ::1:3000) {
      errno: -111,
      code: 'ECONNREFUSED',
      syscall: 'connect',
      address: '::1',
      port: 3000
    },
    Error: connect ECONNREFUSED 127.0.0.1:3000
        at <unknown> (Error: connect ECONNREFUSED 127.0.0.1:3000) {
      errno: -111,
      code: 'ECONNREFUSED',
      syscall: 'connect',
      address: '127.0.0.1',
      port: 3000
    }
  ]
}
AggregateError:
    at ignore-listed frames {
  code: 'ECONNREFUSED',
  [errors]: [
    Error: connect ECONNREFUSED ::1:3000
        at <unknown> (Error: connect ECONNREFUSED ::1:3000) {
      errno: -111,
      code: 'ECONNREFUSED',
      syscall: 'connect',
      address: '::1',
      port: 3000
    },
    Error: connect ECONNREFUSED 127.0.0.1:3000
        at <unknown> (Error: connect ECONNREFUSED 127.0.0.1:3000) {
      errno: -111,
      code: 'ECONNREFUSED',
      syscall: 'connect',
      address: '127.0.0.1',
      port: 3000
    }
  ]
}
Failed to proxy http://localhost:3000/api/config-profiles AggregateError:
    at ignore-listed frames {
  code: 'ECONNREFUSED',
  [errors]: [
    Error: connect ECONNREFUSED ::1:3000
        at <unknown> (Error: connect ECONNREFUSED ::1:3000) {
      errno: -111,
      code: 'ECONNREFUSED',
      syscall: 'connect',
      address: '::1',
      port: 3000
    },
    Error: connect ECONNREFUSED 127.0.0.1:3000
        at <unknown> (Error: connect ECONNREFUSED 127.0.0.1:3000) {
      errno: -111,
      code: 'ECONNREFUSED',
      syscall: 'connect',
      address: '127.0.0.1',
      port: 3000
    }
  ]
}
AggregateError:
    at ignore-listed frames {
  code: 'ECONNREFUSED',
  [errors]: [
    Error: connect ECONNREFUSED ::1:3000
        at <unknown> (Error: connect ECONNREFUSED ::1:3000) {
      errno: -111,
      code: 'ECONNREFUSED',
      syscall: 'connect',
      address: '::1',
      port: 3000
    },
    Error: connect ECONNREFUSED 127.0.0.1:3000
        at <unknown> (Error: connect ECONNREFUSED 127.0.0.1:3000) {
      errno: -111,
      code: 'ECONNREFUSED',
      syscall: 'connect',
      address: '127.0.0.1',
      port: 3000
    }
  ]
}
Failed to proxy http://localhost:3000/api/dashboard/live-sessions AggregateError:
    at ignore-listed frames {
  code: 'ECONNREFUSED',
  [errors]: [
    Error: connect ECONNREFUSED ::1:3000
        at <unknown> (Error: connect ECONNREFUSED ::1:3000) {
      errno: -111,
      code: 'ECONNREFUSED',
      syscall: 'connect',
      address: '::1',
      port: 3000
    },
    Error: connect ECONNREFUSED 127.0.0.1:3000
        at <unknown> (Error: connect ECONNREFUSED 127.0.0.1:3000) {
      errno: -111,
      code: 'ECONNREFUSED',
      syscall: 'connect',
      address: '127.0.0.1',
      port: 3000
    }
  ]
}
AggregateError:
    at ignore-listed frames {
  code: 'ECONNREFUSED',
  [errors]: [
    Error: connect ECONNREFUSED ::1:3000
        at <unknown> (Error: connect ECONNREFUSED ::1:3000) {
      errno: -111,
      code: 'ECONNREFUSED',
      syscall: 'connect',
      address: '::1',
      port: 3000
    },
    Error: connect ECONNREFUSED 127.0.0.1:3000
        at <unknown> (Error: connect ECONNREFUSED 127.0.0.1:3000) {
      errno: -111,
      code: 'ECONNREFUSED',
      syscall: 'connect',
      address: '127.0.0.1',
      port: 3000
    }
  ]
}
Failed to proxy http://localhost:3000/api/ems-gateways AggregateError:
    at ignore-listed frames {
  code: 'ECONNREFUSED',
  [errors]: [
    Error: connect ECONNREFUSED ::1:3000
        at <unknown> (Error: connect ECONNREFUSED ::1:3000) {
      errno: -111,
      code: 'ECONNREFUSED',
      syscall: 'connect',
      address: '::1',
      port: 3000
    },
    Error: connect ECONNREFUSED 127.0.0.1:3000
        at <unknown> (Error: connect ECONNREFUSED 127.0.0.1:3000) {
      errno: -111,
      code: 'ECONNREFUSED',
      syscall: 'connect',
      address: '127.0.0.1',
      port: 3000
    }
  ]
}
AggregateError:
    at ignore-listed frames {
  code: 'ECONNREFUSED',
  [errors]: [
    Error: connect ECONNREFUSED ::1:3000
        at <unknown> (Error: connect ECONNREFUSED ::1:3000) {
      errno: -111,
      code: 'ECONNREFUSED',
      syscall: 'connect',
      address: '::1',
      port: 3000
    },
    Error: connect ECONNREFUSED 127.0.0.1:3000
        at <unknown> (Error: connect ECONNREFUSED 127.0.0.1:3000) {
      errno: -111,
      code: 'ECONNREFUSED',
      syscall: 'connect',
      address: '127.0.0.1',
      port: 3000
    }
  ]
}
Failed to proxy http://localhost:3000/api/realtime?EIO=4&transport=polling&t=d75r80fr AggregateError:
    at ignore-listed frames {
  code: 'ECONNREFUSED',
  [errors]: [
    Error: connect ECONNREFUSED ::1:3000
        at <unknown> (Error: connect ECONNREFUSED ::1:3000) {
      errno: -111,
      code: 'ECONNREFUSED',
      syscall: 'connect',
      address: '::1',
      port: 3000
    },
    Error: connect ECONNREFUSED 127.0.0.1:3000
        at <unknown> (Error: connect ECONNREFUSED 127.0.0.1:3000) {
      errno: -111,
      code: 'ECONNREFUSED',
      syscall: 'connect',
      address: '127.0.0.1',
      port: 3000
    }
  ]
}
AggregateError:
    at ignore-listed frames {
  code: 'ECONNREFUSED',
  [errors]: [
    Error: connect ECONNREFUSED ::1:3000
        at <unknown> (Error: connect ECONNREFUSED ::1:3000) {
      errno: -111,
      code: 'ECONNREFUSED',
      syscall: 'connect',
      address: '::1',
      port: 3000
    },
    Error: connect ECONNREFUSED 127.0.0.1:3000
        at <unknown> (Error: connect ECONNREFUSED 127.0.0.1:3000) {
      errno: -111,
      code: 'ECONNREFUSED',
      syscall: 'connect',
      address: '127.0.0.1',
      port: 3000
    }
  ]
}
Failed to proxy http://localhost:3000/api/ems-gateways AggregateError:
    at ignore-listed frames {
  code: 'ECONNREFUSED',
  [errors]: [
    Error: connect ECONNREFUSED ::1:3000
        at <unknown> (Error: connect ECONNREFUSED ::1:3000) {
      errno: -111,
      code: 'ECONNREFUSED',
      syscall: 'connect',
      address: '::1',
      port: 3000
    },
    Error: connect ECONNREFUSED 127.0.0.1:3000
        at <unknown> (Error: connect ECONNREFUSED 127.0.0.1:3000) {
      errno: -111,
      code: 'ECONNREFUSED',
      syscall: 'connect',
      address: '127.0.0.1',
      port: 3000
    }
  ]
}
AggregateError:
    at ignore-listed frames {
  code: 'ECONNREFUSED',
  [errors]: [
    Error: connect ECONNREFUSED ::1:3000
        at <unknown> (Error: connect ECONNREFUSED ::1:3000) {
      errno: -111,
      code: 'ECONNREFUSED',
      syscall: 'connect',
      address: '::1',
      port: 3000
    },
    Error: connect ECONNREFUSED 127.0.0.1:3000
        at <unknown> (Error: connect ECONNREFUSED 127.0.0.1:3000) {
      errno: -111,
      code: 'ECONNREFUSED',
      syscall: 'connect',
      address: '127.0.0.1',
      port: 3000
    }
  ]
}
[browser] Failed to fetch charger details AxiosError: Request failed with status code 500 (lib/logger.ts:6:13)
[browser] Realtime WebSocket connection error: Error: xhr poll error (lib/logger.ts:6:13)
Failed to proxy http://localhost:3000/api/realtime?EIO=4&transport=polling&t=d771af99 AggregateError:
    at ignore-listed frames {
  code: 'ECONNREFUSED',
  [errors]: [
    Error: connect ECONNREFUSED ::1:3000
        at <unknown> (Error: connect ECONNREFUSED ::1:3000) {
      errno: -111,
      code: 'ECONNREFUSED',
      syscall: 'connect',
      address: '::1',
      port: 3000
    },
    Error: connect ECONNREFUSED 127.0.0.1:3000
        at <unknown> (Error: connect ECONNREFUSED 127.0.0.1:3000) {
      errno: -111,
      code: 'ECONNREFUSED',
      syscall: 'connect',
      address: '127.0.0.1',
      port: 3000
    }
  ]
}
AggregateError:
    at ignore-listed frames {
  code: 'ECONNREFUSED',
  [errors]: [
    Error: connect ECONNREFUSED ::1:3000
        at <unknown> (Error: connect ECONNREFUSED ::1:3000) {
      errno: -111,
      code: 'ECONNREFUSED',
      syscall: 'connect',
      address: '::1',
      port: 3000
    },
    Error: connect ECONNREFUSED 127.0.0.1:3000
        at <unknown> (Error: connect ECONNREFUSED 127.0.0.1:3000) {
      errno: -111,
      code: 'ECONNREFUSED',
      syscall: 'connect',
      address: '127.0.0.1',
      port: 3000
    }
  ]
}
[browser] Realtime WebSocket connection error: Error: xhr poll error (lib/logger.ts:6:13)
