
> Frontend@0.0.1 dev
> next dev -p 3002 --turbopack

▲ Next.js 16.2.9 (Turbopack)
- Local:         http://localhost:3002
- Network:       http://192.168.0.2:3002
✓ Ready in 543ms

 GET /login 200 in 972ms (next.js: 139ms, proxy.ts: 326ms, application-code: 506ms)
[browser] Realtime WebSocket connection error: Error: xhr poll error (lib/logger.ts:6:13)
 GET /login 200 in 82ms (next.js: 4ms, proxy.ts: 15ms, application-code: 62ms)
[browser] Realtime WebSocket connection error: Error: xhr poll error (lib/logger.ts:6:13)
 GET /stations 200 in 152ms (next.js: 27ms, proxy.ts: 6ms, application-code: 119ms)
[browser] Realtime WebSocket connection error: Error: xhr poll error (lib/logger.ts:6:13)
 GET /login 200 in 70ms (next.js: 4ms, proxy.ts: 6ms, application-code: 60ms)
[browser] Realtime WebSocket connection error: Error: xhr poll error (lib/logger.ts:6:13)
 GET /stations/1/ground-plan 200 in 727ms (next.js: 603ms, proxy.ts: 6ms, application-code: 118ms)
[browser] AxiosError: Request failed with status code 401
    at async loadData (app/stations/[id]/ground-plan/page.tsx:22:43)
  20 |     async function loadData() {
  21 |       try {
> 22 |         const [stationRes, chargersRes] = await Promise.all([
     |                                           ^
  23 |           api.get(`/stations/${id}`),
  24 |           api.get(`/stations/${id}/chargers`)
  25 |         ]); (app/stations/[id]/ground-plan/page.tsx:37:17)
[browser] Realtime WebSocket connection error: Error: xhr poll error (lib/logger.ts:6:13)
 GET /login 200 in 126ms (next.js: 13ms, proxy.ts: 13ms, application-code: 100ms)
 GET /login 200 in 116ms (next.js: 8ms, proxy.ts: 51ms, application-code: 57ms)
[browser] Realtime WebSocket connection error: Error: xhr poll error (lib/logger.ts:6:13)
[browser] Realtime WebSocket connection error: Error: xhr poll error (lib/logger.ts:6:13)
[browser] Realtime WebSocket connection error: Error: xhr poll error (lib/logger.ts:6:13)
[browser] Realtime WebSocket connection error: Error: xhr poll error (lib/logger.ts:6:13)
[browser] Realtime WebSocket connection error: Error: xhr poll error (lib/logger.ts:6:13)
[browser] Realtime WebSocket connection error: Error: xhr poll error (lib/logger.ts:6:13)
[browser] Realtime WebSocket connection error: Error: xhr poll error (lib/logger.ts:6:13)
[browser] Realtime WebSocket connection error: Error: xhr poll error (lib/logger.ts:6:13)
 GET /login 200 in 78ms (next.js: 6ms, proxy.ts: 7ms, application-code: 65ms)
[browser] Realtime WebSocket connection error: Error: xhr poll error (lib/logger.ts:6:13)
 GET /login 200 in 74ms (next.js: 5ms, proxy.ts: 5ms, application-code: 64ms)
[browser] Realtime WebSocket connection error: Error: xhr poll error (lib/logger.ts:6:13)
[browser] Realtime WebSocket connection error: Error: xhr poll error (lib/logger.ts:6:13)
 GET /stations/1/ground-plan 200 in 100ms (next.js: 23ms, proxy.ts: 5ms, application-code: 71ms)
[browser] AxiosError: Request failed with status code 401
    at async loadData (app/stations/[id]/ground-plan/page.tsx:22:43)
  20 |     async function loadData() {
  21 |       try {
> 22 |         const [stationRes, chargersRes] = await Promise.all([
     |                                           ^
  23 |           api.get(`/stations/${id}`),
  24 |           api.get(`/stations/${id}/chargers`)
  25 |         ]); (app/stations/[id]/ground-plan/page.tsx:37:17)
[browser] Realtime WebSocket connection error: Error: xhr poll error (lib/logger.ts:6:13)
 GET /login 200 in 83ms (next.js: 4ms, proxy.ts: 4ms, application-code: 75ms)
[browser] Realtime WebSocket connection error: Error: xhr poll error (lib/logger.ts:6:13)
[browser] Realtime WebSocket connection error: Error: xhr poll error (lib/logger.ts:6:13)
[browser] Realtime WebSocket connection error: Error: xhr poll error (lib/logger.ts:6:13)
 GET /login 200 in 63ms (next.js: 3ms, proxy.ts: 4ms, application-code: 55ms)
[browser] Realtime WebSocket connection error: Error: xhr poll error (lib/logger.ts:6:13)
[browser] Login error AxiosError: Request failed with status code 500
    at async onSubmit (components/auth/LoginForm.tsx:44:24)
  42 |     setError(null);
  43 |     try {
> 44 |       const response = await api.post('/auth/login', data);
     |                        ^
  45 |       const resData = response.data?.data || response.data;
  46 |
  47 |       if (resData.requires2FA) { (lib/logger.ts:6:13)
[browser] Realtime WebSocket connection error: Error: xhr poll error (lib/logger.ts:6:13)
[browser] Realtime WebSocket connection error: Error: xhr poll error (lib/logger.ts:6:13)
 GET /stations/1/ground-plan 200 in 86ms (next.js: 22ms, proxy.ts: 5ms, application-code: 59ms)
[browser] AxiosError: Request failed with status code 401
    at async loadData (app/stations/[id]/ground-plan/page.tsx:22:43)
  20 |     async function loadData() {
  21 |       try {
> 22 |         const [stationRes, chargersRes] = await Promise.all([
     |                                           ^
  23 |           api.get(`/stations/${id}`),
  24 |           api.get(`/stations/${id}/chargers`)
  25 |         ]); (app/stations/[id]/ground-plan/page.tsx:37:17)
[browser] Realtime WebSocket connection error: Error: xhr poll error (lib/logger.ts:6:13)
 GET /login 200 in 220ms (next.js: 11ms, proxy.ts: 20ms, application-code: 190ms)
 GET /login 200 in 178ms (next.js: 10ms, proxy.ts: 23ms, application-code: 145ms)
[browser] Realtime WebSocket connection error: Error: xhr poll error (lib/logger.ts:6:13)
[browser] Realtime WebSocket connection error: Error: xhr poll error (lib/logger.ts:6:13)
[browser] Realtime WebSocket connection error: Error: xhr poll error (lib/logger.ts:6:13)
[browser] Realtime WebSocket connection error: Error: xhr poll error (lib/logger.ts:6:13)
[browser] Realtime WebSocket connection error: Error: xhr poll error (lib/logger.ts:6:13)
[browser] Realtime WebSocket connection error: Error: xhr poll error (lib/logger.ts:6:13)
[browser] Realtime WebSocket connection error: Error: xhr poll error (lib/logger.ts:6:13)
[browser] Realtime WebSocket connection error: Error: xhr poll error (lib/logger.ts:6:13)
[browser] Realtime WebSocket connection error: Error: xhr poll error (lib/logger.ts:6:13)
 GET /login 200 in 72ms (next.js: 4ms, proxy.ts: 5ms, application-code: 63ms)
[browser] Realtime WebSocket connection error: Error: xhr poll error (lib/logger.ts:6:13)
[browser] Login error AxiosError: Request failed with status code 500
    at async onSubmit (components/auth/LoginForm.tsx:44:24)
  42 |     setError(null);
  43 |     try {
> 44 |       const response = await api.post('/auth/login', data);
     |                        ^
  45 |       const resData = response.data?.data || response.data;
  46 |
  47 |       if (resData.requires2FA) { (lib/logger.ts:6:13)
[browser] Realtime WebSocket connection error: Error: xhr poll error (lib/logger.ts:6:13)
[browser] Realtime WebSocket connection error: Error: xhr poll error (lib/logger.ts:6:13)
 GET /stations/1/ground-plan 200 in 89ms (next.js: 22ms, proxy.ts: 5ms, application-code: 62ms)
[browser] AxiosError: Request failed with status code 401
    at async loadData (app/stations/[id]/ground-plan/page.tsx:22:43)
  20 |     async function loadData() {
  21 |       try {
> 22 |         const [stationRes, chargersRes] = await Promise.all([
     |                                           ^
  23 |           api.get(`/stations/${id}`),
  24 |           api.get(`/stations/${id}/chargers`)
  25 |         ]); (app/stations/[id]/ground-plan/page.tsx:37:17)
[browser] Realtime WebSocket connection error: Error: xhr poll error (lib/logger.ts:6:13)
 GET /login 200 in 311ms (next.js: 25ms, proxy.ts: 19ms, application-code: 266ms)
 GET /login 200 in 284ms (next.js: 15ms, proxy.ts: 24ms, application-code: 246ms)
[browser] Realtime WebSocket connection error: Error: xhr poll error (lib/logger.ts:6:13)
[browser] Realtime WebSocket connection error: Error: xhr poll error (lib/logger.ts:6:13)
 GET /login 200 in 76ms (next.js: 5ms, proxy.ts: 7ms, application-code: 65ms)
[browser] Realtime WebSocket connection error: Error: xhr poll error (lib/logger.ts:6:13)
 GET /login 200 in 69ms (next.js: 4ms, proxy.ts: 5ms, application-code: 60ms)
[browser] Realtime WebSocket connection error: Error: xhr poll error (lib/logger.ts:6:13)
 GET /stations/1/ground-plan 200 in 116ms (next.js: 29ms, proxy.ts: 6ms, application-code: 81ms)
[browser] AxiosError: Request failed with status code 401
    at async loadData (app/stations/[id]/ground-plan/page.tsx:22:43)
  20 |     async function loadData() {
  21 |       try {
> 22 |         const [stationRes, chargersRes] = await Promise.all([
     |                                           ^
  23 |           api.get(`/stations/${id}`),
  24 |           api.get(`/stations/${id}/chargers`)
  25 |         ]); (app/stations/[id]/ground-plan/page.tsx:37:17)
[browser] Realtime WebSocket connection error: Error: xhr poll error (lib/logger.ts:6:13)
 GET /login 200 in 83ms (next.js: 3ms, proxy.ts: 5ms, application-code: 75ms)
[browser] Realtime WebSocket connection error: Error: xhr poll error (lib/logger.ts:6:13)
[browser] Realtime WebSocket connection error: Error: xhr poll error (lib/logger.ts:6:13)
 GET /login 200 in 69ms (next.js: 4ms, proxy.ts: 5ms, application-code: 61ms)
[browser] Realtime WebSocket connection error: Error: xhr poll error (lib/logger.ts:6:13)
[browser] Login error AxiosError: Request failed with status code 500
    at async onSubmit (components/auth/LoginForm.tsx:44:24)
  42 |     setError(null);
  43 |     try {
> 44 |       const response = await api.post('/auth/login', data);
     |                        ^
  45 |       const resData = response.data?.data || response.data;
  46 |
  47 |       if (resData.requires2FA) { (lib/logger.ts:6:13)
[browser] Realtime WebSocket connection error: Error: xhr poll error (lib/logger.ts:6:13)
 GET /stations/1/ground-plan 200 in 93ms (next.js: 22ms, proxy.ts: 4ms, application-code: 67ms)
[browser] AxiosError: Request failed with status code 401
    at async loadData (app/stations/[id]/ground-plan/page.tsx:22:43)
  20 |     async function loadData() {
  21 |       try {
> 22 |         const [stationRes, chargersRes] = await Promise.all([
     |                                           ^
  23 |           api.get(`/stations/${id}`),
  24 |           api.get(`/stations/${id}/chargers`)
  25 |         ]); (app/stations/[id]/ground-plan/page.tsx:37:17)
[browser] Realtime WebSocket connection error: Error: xhr poll error (lib/logger.ts:6:13)
 GET /login 200 in 114ms (next.js: 11ms, proxy.ts: 15ms, application-code: 88ms)
 GET /login 200 in 204ms (next.js: 15ms, proxy.ts: 13ms, application-code: 176ms)
[browser] Realtime WebSocket connection error: Error: xhr poll error (lib/logger.ts:6:13)
[browser] Realtime WebSocket connection error: Error: xhr poll error (lib/logger.ts:6:13)
